<?xml version="1.0" encoding="UTF-8"?>
<!-- Generated by org.testng.reporters.JUnitReportReporter -->
<testsuite hostname="ABHI-PC" failures="0" tests="9" name="sampleScripts.TestPriotity" time="0.003" errors="0" timestamp="2022-11-01T15:15:15 IST" skipped="0">
  <testcase classname="sampleScripts.TestPriotity" name="cat" time="0.000"/>
  <system-out/>
  <testcase classname="sampleScripts.TestPriotity" name="cat" time="0.001"/>
  <system-out/>
  <testcase classname="sampleScripts.TestPriotity" name="cat" time="0.000"/>
  <system-out/>
  <testcase classname="sampleScripts.TestPriotity" name="dog" time="0.000"/>
  <system-out/>
  <testcase classname="sampleScripts.TestPriotity" name="dog" time="0.001"/>
  <system-out/>
  <testcase classname="sampleScripts.TestPriotity" name="dog" time="0.000"/>
  <system-out/>
  <testcase classname="sampleScripts.TestPriotity" name="dog" time="0.001"/>
  <system-out/>
  <testcase classname="sampleScripts.TestPriotity" name="snake" time="0.000"/>
  <system-out/>
  <testcase classname="sampleScripts.TestPriotity" name="snake" time="0.000"/>
  <system-out/>
</testsuite> <!-- sampleScripts.TestPriotity -->
