<?xml version="1.0" encoding="UTF-8"?>
<!-- Generated by org.testng.reporters.JUnitReportReporter -->
<testsuite hostname="ABHI-PC" failures="0" tests="1" name="sampleScripts.POMExample" time="5.039" errors="0" timestamp="2022-11-03T08:06:55 IST" skipped="0">
  <testcase classname="sampleScripts.POMExample" name="LoginToFaceBook" time="5.039"/>
  <system-out/>
</testsuite> <!-- sampleScripts.POMExample -->
