<?xml version="1.0" encoding="UTF-8"?>
<!-- Generated by org.testng.reporters.JUnitReportReporter -->
<testsuite hostname="ABHI-PC" failures="0" tests="3" name="sampleScripts.TestExampleAnnotations" time="0.011" errors="0" timestamp="2022-11-01T18:21:00 IST" skipped="0">
  <testcase classname="sampleScripts.TestExampleAnnotations" name="testScript1" time="0.006"/>
  <system-out>
    <![CDATA[executing the test1 scripts]]>
  </system-out>
  <testcase classname="sampleScripts.TestExampleAnnotations" name="testScript3" time="0.003"/>
  <system-out>
    <![CDATA[executing the test3 scripts]]>
  </system-out>
  <testcase classname="sampleScripts.TestExampleAnnotations" name="testScript2" time="0.002"/>
  <system-out>
    <![CDATA[executing the test2 scripts]]>
  </system-out>
</testsuite> <!-- sampleScripts.TestExampleAnnotations -->
