<?xml version="1.0" encoding="UTF-8"?>
<!-- Generated by org.testng.reporters.JUnitReportReporter -->
<testsuite hostname="ABHI-PC" failures="0" tests="3" name="sampleScripts.Testing" time="0.002" errors="0" timestamp="2022-11-01T15:15:15 IST" skipped="0">
  <testcase classname="sampleScripts.Testing" name="test2" time="0.000"/>
  <system-out/>
  <testcase classname="sampleScripts.Testing" name="test1" time="0.001"/>
  <system-out/>
  <testcase classname="sampleScripts.Testing" name="test3" time="0.001"/>
  <system-out/>
</testsuite> <!-- sampleScripts.Testing -->
