<?xml version="1.0" encoding="UTF-8"?>
<!-- Generated by org.testng.reporters.JUnitReportReporter -->
<testsuite hostname="ABHI-PC" failures="0" tests="2" name="sampleScripts.TestNGExample2" time="44.277" errors="0" timestamp="2022-11-01T15:15:15 IST" skipped="0">
  <testcase classname="sampleScripts.TestNGExample2" name="instaramLogin" time="20.342"/>
  <system-out>
    <![CDATA[Instagram Login]]>
  </system-out>
  <testcase classname="sampleScripts.TestNGExample2" name="actiTimeLogin" time="23.935"/>
  <system-out>
    <![CDATA[actitime Login]]>
  </system-out>
</testsuite> <!-- sampleScripts.TestNGExample2 -->
