<?xml version="1.0" encoding="UTF-8"?>
<!-- Generated by org.testng.reporters.JUnitReportReporter -->
<testsuite hostname="ABHI-PC" failures="0" tests="1" name="sampleScripts.TestExample1" time="32.102" errors="0" timestamp="2022-10-31T20:31:05 IST" skipped="0">
  <testcase classname="sampleScripts.TestExample1" name="launchFlipKart" time="32.102"/>
  <system-out/>
</testsuite> <!-- sampleScripts.TestExample1 -->
