<?xml version="1.0" encoding="UTF-8"?>
<!-- Generated by org.testng.reporters.JUnitReportReporter -->
<testsuite hostname="ABHI-PC" failures="0" tests="3" name="sampleScripts.TestNGExample" time="75.782" errors="0" timestamp="2022-11-01T15:15:15 IST" skipped="0">
  <testcase classname="sampleScripts.TestNGExample" name="launchChrome" time="20.499"/>
  <system-out>
    <![CDATA[chrome]]>
  </system-out>
  <testcase classname="sampleScripts.TestNGExample" name="launchFirefox" time="7.492"/>
  <system-out>
    <![CDATA[firefox]]>
  </system-out>
  <testcase classname="sampleScripts.TestNGExample" name="launchFlipKart" time="47.791"/>
  <system-out>
    <![CDATA[edge]]>
  </system-out>
</testsuite> <!-- sampleScripts.TestNGExample -->
